Start of Script
retrieving comic 신의 탑
downloading episode 1
downloading episode 2
downloading episode 3
downloading episode 4
downloading episode 5
downloading episode 6
downloading episode 7
downloading episode 8
downloading episode 9
downloading episode 10
downloading episode 11
downloading episode 12
downloading episode 13
downloading episode 14
downloading episode 15
downloading episode 16
downloading episode 17
downloading episode 18
downloading episode 19
downloading episode 20
downloading episode 21
downloading episode 22
downloading episode 23
downloading episode 24
downloading episode 25
downloading episode 26
downloading episode 27
downloading episode 28
downloading episode 29
downloading episode 30
downloading episode 31
downloading episode 32
downloading episode 33
downloading episode 34
downloading episode 35
downloading episode 36
downloading episode 37
downloading episode 38
downloading episode 39
downloading episode 40
downloading episode 41
downloading episode 42
downloading episode 43
downloading episode 44
downloading episode 45
downloading episode 46
downloading episode 47
downloading episode 48
downloading episode 49
downloading episode 50
downloading episode 51
downloading episode 52
downloading episode 53
downloading episode 54
downloading episode 55
downloading episode 56
downloading episode 57
downloading episode 58
downloading episode 59
downloading episode 60
downloading episode 61
downloading episode 62
downloading episode 63
downloading episode 64
downloading episode 65
downloading episode 66
downloading episode 67
downloading episode 68
downloading episode 69
downloading episode 70
downloading episode 71
downloading episode 72
downloading episode 73
downloading episode 74
downloading episode 75
downloading episode 76
downloading episode 77
downloading episode 78
downloading episode 79
downloading episode 80
downloading episode 81
downloading episode 82
downloading episode 83
downloading episode 84
downloading episode 85
downloading episode 86
downloading episode 87
downloading episode 88
downloading episode 89
downloading episode 90
downloading episode 91
downloading episode 92
downloading episode 93
downloading episode 94
downloading episode 95
downloading episode 96
downloading episode 97
downloading episode 98
downloading episode 99
downloading episode 100
downloading episode 101
downloading episode 102
downloading episode 103
downloading episode 104
downloading episode 105
downloading episode 106
downloading episode 107
downloading episode 108
downloading episode 109
downloading episode 110
downloading episode 111
downloading episode 112
downloading episode 113
downloading episode 114
downloading episode 115
downloading episode 116
downloading episode 117
downloading episode 118
downloading episode 119
downloading episode 120
downloading episode 121
downloading episode 122
downloading episode 123
downloading episode 124
downloading episode 125
downloading episode 126
downloading episode 127
downloading episode 128
downloading episode 129
downloading episode 130
downloading episode 131
downloading episode 132
downloading episode 133
downloading episode 134
downloading episode 135
downloading episode 136
downloading episode 137
downloading episode 138
downloading episode 139
downloading episode 140
downloading episode 141
downloading episode 142
downloading episode 143
downloading episode 144
downloading episode 145
downloading episode 146
downloading episode 147
downloading episode 148
downloading episode 149
downloading episode 150
downloading episode 151
downloading episode 152
downloading episode 153
downloading episode 154
downloading episode 155
downloading episode 156
downloading episode 157
downloading episode 158
downloading episode 159
downloading episode 160
downloading episode 161
downloading episode 162
downloading episode 163
downloading episode 164
downloading episode 165
downloading episode 166
downloading episode 167
downloading episode 168
downloading episode 169
downloading episode 170
downloading episode 171
downloading episode 172
downloading episode 173
downloading episode 174
downloading episode 175
downloading episode 176
downloading episode 177
downloading episode 178
downloading episode 179
downloading episode 180
downloading episode 181
downloading episode 182
downloading episode 183
downloading episode 184
downloading episode 185
downloading episode 186
downloading episode 187
downloading episode 188
downloading episode 189
downloading episode 190
downloading episode 191
downloading episode 192
downloading episode 193
downloading episode 194
downloading episode 195
downloading episode 196
downloading episode 197
downloading episode 198
downloading episode 199
downloading episode 200
downloading episode 201
downloading episode 202
downloading episode 203
downloading episode 204
downloading episode 205
downloading episode 206
downloading episode 207
downloading episode 208
downloading episode 209
downloading episode 210
downloading episode 211
downloading episode 212
downloading episode 213
downloading episode 214
downloading episode 215
downloading episode 216
downloading episode 217
downloading episode 218
downloading episode 219
downloading episode 220
downloading episode 221
downloading episode 222
downloading episode 223
downloading episode 224
downloading episode 225
downloading episode 226
downloading episode 227
downloading episode 228
downloading episode 229
downloading episode 230
downloading episode 231
downloading episode 232
downloading episode 233
downloading episode 234
downloading episode 235
downloading episode 236
downloading episode 237
downloading episode 238
downloading episode 239
downloading episode 240
downloading episode 241
downloading episode 242
downloading episode 243
downloading episode 244
downloading episode 245
downloading episode 246
downloading episode 247
downloading episode 248
downloading episode 249
downloading episode 250
downloading episode 251
downloading episode 252
downloading episode 253
downloading episode 254
downloading episode 255
downloading episode 256
downloading episode 257
downloading episode 258
downloading episode 259
downloading episode 260
downloading episode 261
downloading episode 262
downloading episode 263
downloading episode 264
downloading episode 265
downloading episode 266
downloading episode 267
downloading episode 268
downloading episode 269
downloading episode 270
downloading episode 271
downloading episode 272
downloading episode 273
downloading episode 274
downloading episode 275
downloading episode 276
downloading episode 277
downloading episode 278
downloading episode 279
downloading episode 280
downloading episode 281
downloading episode 282
downloading episode 283
downloading episode 284
downloading episode 285
downloading episode 286
downloading episode 287
downloading episode 288
downloading episode 289
downloading episode 290
downloading episode 291
downloading episode 292
downloading episode 293
downloading episode 294
downloading episode 295
downloading episode 296
downloading episode 297
downloading episode 298
downloading episode 299
downloading episode 300
downloading episode 301
downloading episode 302
downloading episode 303
downloading episode 304
downloading episode 305
downloading episode 306
downloading episode 307
downloading episode 308
downloading episode 309
downloading episode 310
downloading episode 311
downloading episode 312
downloading episode 313
downloading episode 314
downloading episode 315
downloading episode 316
downloading episode 317
downloading episode 318
downloading episode 319
downloading episode 320
downloading episode 321
downloading episode 322
downloading episode 323
downloading episode 324
downloading episode 325
downloading episode 326
downloading episode 327
downloading episode 328
downloading episode 329
downloading episode 330
downloading episode 331
downloading episode 332
downloading episode 333
downloading episode 334
downloading episode 335
downloading episode 336
downloading episode 337
downloading episode 338
downloading episode 339
downloading episode 340
downloading episode 341
downloading episode 342
downloading episode 343
downloading episode 344
downloading episode 345
downloading episode 346
downloading episode 347
downloading episode 348
downloading episode 349
downloading episode 350
downloading episode 351
downloading episode 352
downloading episode 353
downloading episode 354
downloading episode 355
downloading episode 356
downloading episode 357
downloading episode 358
downloading episode 359
downloading episode 360
downloading episode 361
downloading episode 362
downloading episode 363
downloading episode 364
downloading episode 365
downloading episode 366
downloading episode 367
downloading episode 368
downloading episode 369
downloading episode 370
downloading episode 371
downloading episode 372
downloading episode 373
downloading episode 374
downloading episode 375
downloading episode 376
downloading episode 377
downloading episode 378
downloading episode 379
downloading episode 380
downloading episode 381
downloading episode 382
downloading episode 383
downloading episode 384
downloading episode 385
downloading episode 386
downloading episode 387
downloading episode 388
downloading episode 389
downloading episode 390
downloading episode 391
downloading episode 392
downloading episode 393
downloading episode 394
downloading episode 395
downloading episode 396
downloading episode 397
downloading episode 398
downloading episode 399
downloading episode 400
downloading episode 401
downloading episode 402
downloading episode 403
downloading episode 404
downloading episode 405
downloading episode 406
downloading episode 407
downloading episode 408
downloading episode 409
downloading episode 410
downloading episode 411
downloading episode 412
downloading episode 413
downloading episode 414
downloading episode 415
downloading episode 416
downloading episode 417
downloading episode 418
downloading episode 419
downloading episode 420
downloading episode 421
downloading episode 422
downloading episode 423
downloading episode 424
downloading episode 425
downloading episode 426
downloading episode 427
downloading episode 428
downloading episode 429
downloading episode 430
downloading episode 431
downloading episode 432
downloading episode 433
downloading episode 434
downloading episode 435
downloading episode 436
downloading episode 437
downloading episode 438
downloading episode 439
downloading episode 440
downloading episode 441
downloading episode 442
downloading episode 443
downloading episode 444
downloading episode 445
downloading episode 446
downloading episode 447
downloading episode 448
downloading episode 449
downloading episode 450
downloading episode 451
downloading episode 452
downloading episode 453
downloading episode 454
downloading episode 455
downloading episode 456
downloading episode 457
downloading episode 458
downloading episode 459
downloading episode 460
downloading episode 461
downloading episode 462
downloading episode 463
downloading episode 464
downloading episode 465
downloading episode 466
downloading episode 467
downloading episode 468
downloading episode 469
downloading episode 470
downloading episode 471
downloading episode 472
downloading episode 473
downloading episode 474
downloading episode 475
downloading episode 476
downloading episode 477
downloading episode 478
downloading episode 479
downloading episode 480
downloading episode 481
downloading episode 482
downloading episode 483
downloading episode 484
downloading episode 485
downloading episode 486
no comic 윈든브레이커
retrieving comic 니편내편
downloading episode 1
downloading episode 2
downloading episode 3
downloading episode 4
downloading episode 5
downloading episode 6
downloading episode 7
downloading episode 8
downloading episode 9
downloading episode 10
downloading episode 11
downloading episode 12
downloading episode 13
downloading episode 14
downloading episode 15
downloading episode 16
downloading episode 17
downloading episode 18
downloading episode 19
downloading episode 20
downloading episode 21
downloading episode 22
downloading episode 23
downloading episode 24
downloading episode 25
downloading episode 26
downloading episode 27
downloading episode 28
downloading episode 29
downloading episode 30
downloading episode 31
downloading episode 32
downloading episode 33
downloading episode 34
downloading episode 35
downloading episode 36
downloading episode 37
downloading episode 38
downloading episode 39
downloading episode 40
downloading episode 41
downloading episode 42
downloading episode 43
downloading episode 44
downloading episode 45
downloading episode 46
downloading episode 47
downloading episode 48
downloading episode 49
downloading episode 50
downloading episode 51
downloading episode 52
downloading episode 53
downloading episode 54
downloading episode 55
downloading episode 56
downloading episode 57
downloading episode 58
downloading episode 59
downloading episode 60
downloading episode 61
downloading episode 62
downloading episode 63
downloading episode 64
downloading episode 65
downloading episode 66
downloading episode 67
downloading episode 68
downloading episode 69
downloading episode 70
downloading episode 71
downloading episode 72
downloading episode 73
downloading episode 74
downloading episode 75
downloading episode 76
downloading episode 77
downloading episode 78
downloading episode 79
downloading episode 80
downloading episode 81
downloading episode 82
downloading episode 83
downloading episode 84
downloading episode 85
downloading episode 86
downloading episode 87
downloading episode 88
downloading episode 89
downloading episode 90
downloading episode 91
downloading episode 92
downloading episode 93
downloading episode 94
downloading episode 95
downloading episode 96
downloading episode 97
downloading episode 98
downloading episode 99
downloading episode 100
downloading episode 101
downloading episode 102
downloading episode 103
downloading episode 104
downloading episode 105
downloading episode 106
downloading episode 107
downloading episode 108
downloading episode 109
downloading episode 110
downloading episode 111
downloading episode 112
downloading episode 113
downloading episode 114
downloading episode 115
downloading episode 116
downloading episode 117
downloading episode 118
downloading episode 119
downloading episode 120
downloading episode 121
downloading episode 122
downloading episode 123
downloading episode 124
downloading episode 125
downloading episode 126
downloading episode 127
downloading episode 128
downloading episode 129
downloading episode 130
downloading episode 131
downloading episode 132
downloading episode 133
downloading episode 134
downloading episode 135
downloading episode 136
downloading episode 137
downloading episode 138
retrieving comic 여신강림
downloading episode 1
downloading episode 2
downloading episode 3
downloading episode 4
downloading episode 5
downloading episode 6
downloading episode 7
downloading episode 8
downloading episode 9
downloading episode 10
downloading episode 11
downloading episode 12
downloading episode 13
downloading episode 14
downloading episode 15
downloading episode 16
downloading episode 17
downloading episode 18
downloading episode 19
downloading episode 20
downloading episode 21
downloading episode 22
downloading episode 23
downloading episode 24
downloading episode 25
downloading episode 26
downloading episode 27
downloading episode 28
downloading episode 29
downloading episode 30
downloading episode 31
downloading episode 32
downloading episode 33
downloading episode 34
downloading episode 35
downloading episode 36
downloading episode 37
downloading episode 38
downloading episode 39
downloading episode 40
downloading episode 41
downloading episode 42
downloading episode 43
downloading episode 44
downloading episode 45
downloading episode 46
downloading episode 47
downloading episode 48
downloading episode 49
downloading episode 50
downloading episode 51
downloading episode 52
downloading episode 53
downloading episode 54
downloading episode 55
downloading episode 56
downloading episode 57
downloading episode 58
downloading episode 59
downloading episode 60
downloading episode 61
downloading episode 62
downloading episode 63
downloading episode 64
downloading episode 65
downloading episode 66
downloading episode 67
downloading episode 68
downloading episode 69
downloading episode 70
downloading episode 71
downloading episode 72
downloading episode 73
downloading episode 74
downloading episode 75
downloading episode 76
downloading episode 77
downloading episode 78
downloading episode 79
downloading episode 80
downloading episode 81
downloading episode 82
downloading episode 83
downloading episode 84
downloading episode 85
downloading episode 86
downloading episode 87
downloading episode 88
downloading episode 89
downloading episode 90
downloading episode 91
downloading episode 92
downloading episode 93
downloading episode 94
downloading episode 95
downloading episode 96
downloading episode 97
downloading episode 98
downloading episode 99
downloading episode 100
downloading episode 101
downloading episode 102
downloading episode 103
downloading episode 104
downloading episode 105
downloading episode 106
downloading episode 107
downloading episode 108
downloading episode 109
downloading episode 110
downloading episode 111
downloading episode 112
downloading episode 113
downloading episode 114
downloading episode 115
downloading episode 116
no comic 랜덤체팅의 그녀
retrieving comic 제로게임
downloading episode 1
downloading episode 2
downloading episode 3
downloading episode 4
downloading episode 5
downloading episode 6
downloading episode 7
downloading episode 8
downloading episode 9
downloading episode 10
downloading episode 11
downloading episode 12
downloading episode 13
downloading episode 14
downloading episode 15
downloading episode 16
downloading episode 17
downloading episode 18
downloading episode 19
downloading episode 20
downloading episode 21
downloading episode 22
downloading episode 23
downloading episode 24
downloading episode 25
downloading episode 26
downloading episode 27
downloading episode 28
downloading episode 29
downloading episode 30
downloading episode 31
downloading episode 32
downloading episode 33
downloading episode 34
downloading episode 35
downloading episode 36
downloading episode 37
downloading episode 38
downloading episode 39
downloading episode 40
downloading episode 41
downloading episode 42
downloading episode 43
downloading episode 44
downloading episode 45
downloading episode 46
downloading episode 47
downloading episode 48
downloading episode 49
downloading episode 50
downloading episode 51
downloading episode 52
downloading episode 53
downloading episode 54
downloading episode 55
downloading episode 56
downloading episode 57
downloading episode 58
downloading episode 59
downloading episode 60
downloading episode 61
downloading episode 62
downloading episode 63
downloading episode 64
downloading episode 65
downloading episode 66
downloading episode 67
downloading episode 68
downloading episode 69
downloading episode 70
downloading episode 71
downloading episode 72
downloading episode 73
downloading episode 74
downloading episode 75
downloading episode 76
downloading episode 77
downloading episode 78
downloading episode 79
downloading episode 80
downloading episode 81
downloading episode 82
downloading episode 83
downloading episode 84
downloading episode 85
downloading episode 86
downloading episode 87
downloading episode 88
downloading episode 89
downloading episode 90
downloading episode 91
downloading episode 92
downloading episode 93
downloading episode 94
downloading episode 95
downloading episode 96
downloading episode 97
downloading episode 98
downloading episode 99
downloading episode 100
downloading episode 101
downloading episode 102
downloading episode 103
downloading episode 104
downloading episode 105
downloading episode 106
downloading episode 107
downloading episode 108
downloading episode 109
downloading episode 110
downloading episode 111
downloading episode 112
downloading episode 113
downloading episode 114
downloading episode 115
downloading episode 116
downloading episode 117
downloading episode 118
downloading episode 119
downloading episode 120
downloading episode 121
downloading episode 122
downloading episode 123
downloading episode 124
downloading episode 125
downloading episode 126
downloading episode 127
downloading episode 128
downloading episode 129
downloading episode 130
downloading episode 131
downloading episode 132
downloading episode 133
downloading episode 134
downloading episode 135
downloading episode 136
downloading episode 137
downloading episode 138
downloading episode 139
downloading episode 140
downloading episode 141
downloading episode 142
downloading episode 143
downloading episode 144
downloading episode 145
downloading episode 146
downloading episode 147
downloading episode 148
downloading episode 149
downloading episode 150
downloading episode 151
downloading episode 152
downloading episode 153
downloading episode 154
downloading episode 155
downloading episode 156
downloading episode 157
downloading episode 158
downloading episode 159
downloading episode 160
downloading episode 161
downloading episode 162
downloading episode 163
downloading episode 164
downloading episode 165
downloading episode 166
downloading episode 167
downloading episode 168
downloading episode 169
downloading episode 170
downloading episode 171
downloading episode 172
downloading episode 173
downloading episode 174
downloading episode 175
downloading episode 176
downloading episode 177
downloading episode 178
downloading episode 179
downloading episode 180
downloading episode 181
downloading episode 182
downloading episode 183
downloading episode 184
downloading episode 185
downloading episode 186
downloading episode 187
downloading episode 188
downloading episode 189
downloading episode 190
downloading episode 191
downloading episode 192
downloading episode 193
downloading episode 194
downloading episode 195
downloading episode 196
downloading episode 197
downloading episode 198
downloading episode 199
downloading episode 200
downloading episode 201
downloading episode 202
retrieving comic 연애혁명
downloading episode 1
downloading episode 2
downloading episode 3
downloading episode 4
downloading episode 5
downloading episode 6
downloading episode 7
downloading episode 8
downloading episode 9
downloading episode 10
downloading episode 11
downloading episode 12
downloading episode 13
downloading episode 14
downloading episode 15
downloading episode 16
downloading episode 17
downloading episode 18
downloading episode 19
downloading episode 20
downloading episode 21
downloading episode 22
downloading episode 23
downloading episode 24
downloading episode 25
downloading episode 26
downloading episode 27
downloading episode 28
downloading episode 29
downloading episode 30
downloading episode 31
downloading episode 32
downloading episode 33
downloading episode 34
downloading episode 35
downloading episode 36
downloading episode 37
downloading episode 38
downloading episode 39
downloading episode 40
downloading episode 41
downloading episode 42
downloading episode 43
downloading episode 44
downloading episode 45
downloading episode 46
downloading episode 47
downloading episode 48
downloading episode 49
downloading episode 50
downloading episode 51
downloading episode 52
downloading episode 53
downloading episode 54
downloading episode 55
downloading episode 56
downloading episode 57
downloading episode 58
downloading episode 59
downloading episode 60
downloading episode 61
downloading episode 62
downloading episode 63
downloading episode 64
downloading episode 65
downloading episode 66
downloading episode 67
downloading episode 68
downloading episode 69
downloading episode 70
downloading episode 71
downloading episode 72
downloading episode 73
downloading episode 74
downloading episode 75
downloading episode 76
downloading episode 77
downloading episode 78
downloading episode 79
downloading episode 80
downloading episode 81
downloading episode 82
downloading episode 83
downloading episode 84
downloading episode 85
downloading episode 86
downloading episode 87
downloading episode 88
downloading episode 89
downloading episode 90
downloading episode 91
downloading episode 92
downloading episode 93
downloading episode 94
downloading episode 95
downloading episode 96
downloading episode 97
downloading episode 98
downloading episode 99
downloading episode 100
downloading episode 101
downloading episode 102
downloading episode 103
downloading episode 104
downloading episode 105
downloading episode 106
downloading episode 107
downloading episode 108
downloading episode 109
downloading episode 110
downloading episode 111
downloading episode 112
downloading episode 113
downloading episode 114
downloading episode 115
downloading episode 116
downloading episode 117
downloading episode 118
downloading episode 119
downloading episode 120
downloading episode 121
downloading episode 122
downloading episode 123
downloading episode 124
downloading episode 125
downloading episode 126
downloading episode 127
downloading episode 128
downloading episode 129
downloading episode 130
downloading episode 131
downloading episode 132
downloading episode 133
downloading episode 134
downloading episode 135
downloading episode 136
downloading episode 137
downloading episode 138
downloading episode 139
downloading episode 140
downloading episode 141
downloading episode 142
downloading episode 143
downloading episode 144
downloading episode 145
downloading episode 146
downloading episode 147
downloading episode 148
downloading episode 149
downloading episode 150
downloading episode 151
downloading episode 152
downloading episode 153
downloading episode 154
downloading episode 155
downloading episode 156
downloading episode 157
downloading episode 158
downloading episode 159
downloading episode 160
downloading episode 161
downloading episode 162
downloading episode 163
downloading episode 164
downloading episode 165
downloading episode 166
downloading episode 167
downloading episode 168
downloading episode 169
downloading episode 170
downloading episode 171
downloading episode 172
downloading episode 173
downloading episode 174
downloading episode 175
downloading episode 176
downloading episode 177
downloading episode 178
downloading episode 179
downloading episode 180
downloading episode 181
downloading episode 182
downloading episode 183
downloading episode 184
downloading episode 185
downloading episode 186
downloading episode 187
downloading episode 188
downloading episode 189
downloading episode 190
downloading episode 191
downloading episode 192
downloading episode 193
downloading episode 194
downloading episode 195
downloading episode 196
downloading episode 197
downloading episode 198
downloading episode 199
downloading episode 200
downloading episode 201
downloading episode 202
downloading episode 203
downloading episode 204
downloading episode 205
downloading episode 206
downloading episode 207
downloading episode 208
downloading episode 209
downloading episode 210
downloading episode 211
downloading episode 212
downloading episode 213
downloading episode 214
downloading episode 215
downloading episode 216
downloading episode 217
downloading episode 218
downloading episode 219
downloading episode 220
downloading episode 221
downloading episode 222
downloading episode 223
downloading episode 224
downloading episode 225
downloading episode 226
downloading episode 227
downloading episode 228
downloading episode 229
downloading episode 230
downloading episode 231
downloading episode 232
downloading episode 233
downloading episode 234
downloading episode 235
downloading episode 236
downloading episode 237
downloading episode 238
downloading episode 239
downloading episode 240
downloading episode 241
downloading episode 242
downloading episode 243
downloading episode 244
downloading episode 245
downloading episode 246
downloading episode 247
downloading episode 248
downloading episode 249
downloading episode 250
downloading episode 251
downloading episode 252
downloading episode 253
downloading episode 254
downloading episode 255
downloading episode 256
downloading episode 257
downloading episode 258
downloading episode 259
downloading episode 260
downloading episode 261
downloading episode 262
downloading episode 263
downloading episode 264
downloading episode 265
downloading episode 266
downloading episode 267
downloading episode 268
downloading episode 269
downloading episode 270
downloading episode 271
downloading episode 272
downloading episode 273
downloading episode 274
downloading episode 275
downloading episode 276
downloading episode 277
downloading episode 278
downloading episode 279
downloading episode 280
downloading episode 281
downloading episode 282
downloading episode 283
downloading episode 284
downloading episode 285
downloading episode 286
downloading episode 287
downloading episode 288
downloading episode 289
downloading episode 290
downloading episode 291
downloading episode 292
downloading episode 293
downloading episode 294
downloading episode 295
downloading episode 296
downloading episode 297
downloading episode 298
downloading episode 299
downloading episode 300
downloading episode 301
downloading episode 302
downloading episode 303
downloading episode 304
downloading episode 305
downloading episode 306
downloading episode 307
downloading episode 308
retrieving comic 외모지상주의
downloading episode 1
downloading episode 2
downloading episode 3
downloading episode 4
downloading episode 5
downloading episode 6
downloading episode 7
downloading episode 8
downloading episode 9
downloading episode 10
downloading episode 11
downloading episode 12
downloading episode 13
downloading episode 14
downloading episode 15
downloading episode 16
downloading episode 17
downloading episode 18
downloading episode 19
downloading episode 20
downloading episode 21
downloading episode 22
downloading episode 23
downloading episode 24
downloading episode 25
downloading episode 26
downloading episode 27
downloading episode 28
downloading episode 29
downloading episode 30
downloading episode 31
downloading episode 32
downloading episode 33
downloading episode 34
downloading episode 35
downloading episode 36
downloading episode 37
downloading episode 38
downloading episode 39
downloading episode 40
downloading episode 41
downloading episode 42
downloading episode 43
downloading episode 44
downloading episode 45
downloading episode 46
downloading episode 47
downloading episode 48
downloading episode 49
downloading episode 50
downloading episode 51
downloading episode 52
downloading episode 53
downloading episode 54
downloading episode 55
downloading episode 56
downloading episode 57
downloading episode 58
downloading episode 59
downloading episode 60
downloading episode 61
downloading episode 62
downloading episode 63
downloading episode 64
downloading episode 65
downloading episode 66
downloading episode 67
downloading episode 68
downloading episode 69
downloading episode 70
downloading episode 71
downloading episode 72
downloading episode 73
downloading episode 74
downloading episode 75
downloading episode 76
downloading episode 77
downloading episode 78
downloading episode 79
downloading episode 80
downloading episode 81
downloading episode 82
downloading episode 83
downloading episode 84
downloading episode 85
downloading episode 86
downloading episode 87
downloading episode 88
downloading episode 89
downloading episode 90
downloading episode 91
downloading episode 92
downloading episode 93
downloading episode 94
downloading episode 95
downloading episode 96
downloading episode 97
downloading episode 98
downloading episode 99
downloading episode 100
downloading episode 101
downloading episode 102
downloading episode 103
downloading episode 104
downloading episode 105
downloading episode 106
downloading episode 107
downloading episode 108
downloading episode 109
downloading episode 110
downloading episode 111
downloading episode 112
downloading episode 113
downloading episode 114
downloading episode 115
downloading episode 116
downloading episode 117
downloading episode 118
downloading episode 119
downloading episode 120
downloading episode 121
downloading episode 122
downloading episode 123
downloading episode 124
downloading episode 125
downloading episode 126
downloading episode 127
downloading episode 128
downloading episode 129
downloading episode 130
downloading episode 131
downloading episode 132
downloading episode 133
downloading episode 134
downloading episode 135
downloading episode 136
downloading episode 137
downloading episode 138
downloading episode 139
downloading episode 140
downloading episode 141
downloading episode 142
downloading episode 143
downloading episode 144
downloading episode 145
downloading episode 146
downloading episode 147
downloading episode 148
downloading episode 149
downloading episode 150
downloading episode 151
downloading episode 152
downloading episode 153
downloading episode 154
downloading episode 155
downloading episode 156
downloading episode 157
downloading episode 158
downloading episode 159
downloading episode 160
downloading episode 161
downloading episode 162
downloading episode 163
downloading episode 164
downloading episode 165
downloading episode 166
downloading episode 167
downloading episode 168
downloading episode 169
downloading episode 170
downloading episode 171
downloading episode 172
downloading episode 173
downloading episode 174
downloading episode 175
downloading episode 176
downloading episode 177
downloading episode 178
downloading episode 179
downloading episode 180
downloading episode 181
downloading episode 182
downloading episode 183
downloading episode 184
downloading episode 185
downloading episode 186
downloading episode 187
downloading episode 188
downloading episode 189
downloading episode 190
downloading episode 191
downloading episode 192
downloading episode 193
downloading episode 194
downloading episode 195
downloading episode 196
downloading episode 197
downloading episode 198
downloading episode 199
downloading episode 200
downloading episode 201
downloading episode 202
downloading episode 203
downloading episode 204
downloading episode 205
downloading episode 206
downloading episode 207
downloading episode 208
downloading episode 209
downloading episode 210
downloading episode 211
downloading episode 212
downloading episode 213
downloading episode 214
downloading episode 215
downloading episode 216
downloading episode 217
downloading episode 218
downloading episode 219
downloading episode 220
downloading episode 221
downloading episode 222
downloading episode 223
downloading episode 224
downloading episode 225
downloading episode 226
downloading episode 227
downloading episode 228
downloading episode 229
downloading episode 230
downloading episode 231
downloading episode 232
downloading episode 233
downloading episode 234
downloading episode 235
downloading episode 236
downloading episode 237
downloading episode 238
downloading episode 239
downloading episode 240
downloading episode 241
downloading episode 242
downloading episode 243
downloading episode 244
downloading episode 245
downloading episode 246
downloading episode 247
downloading episode 248
downloading episode 249
downloading episode 250
downloading episode 251
downloading episode 252
downloading episode 253
downloading episode 254
downloading episode 255
downloading episode 256
downloading episode 257
downloading episode 258
downloading episode 259
downloading episode 260
downloading episode 261
downloading episode 262
downloading episode 263
downloading episode 264
downloading episode 265
downloading episode 266
downloading episode 267
downloading episode 268
downloading episode 269
downloading episode 270
downloading episode 271
downloading episode 272
downloading episode 273
downloading episode 274
downloading episode 275
downloading episode 276
downloading episode 277
downloading episode 278
downloading episode 279
downloading episode 280
downloading episode 281
downloading episode 282
downloading episode 283
downloading episode 284
downloading episode 285
downloading episode 286
downloading episode 287
downloading episode 288
downloading episode 289
downloading episode 290
downloading episode 291
downloading episode 292
downloading episode 293
retrieving comic 유미의 세포들
downloading episode 1
downloading episode 2
downloading episode 3
downloading episode 4
downloading episode 5
downloading episode 6
downloading episode 7
downloading episode 8
downloading episode 9
downloading episode 10
downloading episode 11
downloading episode 12
downloading episode 13
downloading episode 14
downloading episode 15
downloading episode 16
downloading episode 17
downloading episode 18
downloading episode 19
downloading episode 20
downloading episode 21
downloading episode 22
downloading episode 23
downloading episode 24
downloading episode 25
downloading episode 26
downloading episode 27
downloading episode 28
downloading episode 29
downloading episode 30
downloading episode 31
downloading episode 32
downloading episode 33
downloading episode 34
downloading episode 35
downloading episode 36
downloading episode 37
downloading episode 38
downloading episode 39
downloading episode 40
downloading episode 41
downloading episode 42
downloading episode 43
downloading episode 44
downloading episode 45
downloading episode 46
downloading episode 47
downloading episode 48
downloading episode 49
downloading episode 50
downloading episode 51
downloading episode 52
downloading episode 53
downloading episode 54
downloading episode 55
downloading episode 56
downloading episode 57
downloading episode 58
downloading episode 59
downloading episode 60
downloading episode 61
downloading episode 62
downloading episode 63
downloading episode 64
downloading episode 65
downloading episode 66
downloading episode 67
downloading episode 68
downloading episode 69
downloading episode 70
downloading episode 71
downloading episode 72
downloading episode 73
downloading episode 74
downloading episode 75
downloading episode 76
downloading episode 77
downloading episode 78
downloading episode 79
downloading episode 80
downloading episode 81
downloading episode 82
downloading episode 83
downloading episode 84
downloading episode 85
downloading episode 86
downloading episode 87
downloading episode 88
downloading episode 89
downloading episode 90
downloading episode 91
downloading episode 92
downloading episode 93
downloading episode 94
downloading episode 95
downloading episode 96
downloading episode 97
downloading episode 98
downloading episode 99
downloading episode 100
downloading episode 101
downloading episode 102
downloading episode 103
downloading episode 104
downloading episode 105
downloading episode 106
downloading episode 107
downloading episode 108
downloading episode 109
downloading episode 110
downloading episode 111
downloading episode 112
downloading episode 113
downloading episode 114
downloading episode 115
downloading episode 116
downloading episode 117
downloading episode 118
downloading episode 119
downloading episode 120
downloading episode 121
downloading episode 122
downloading episode 123
downloading episode 124
downloading episode 125
downloading episode 126
downloading episode 127
downloading episode 128
downloading episode 129
downloading episode 130
downloading episode 131
downloading episode 132
downloading episode 133
downloading episode 134
downloading episode 135
downloading episode 136
downloading episode 137
downloading episode 138
downloading episode 139
downloading episode 140
downloading episode 141
downloading episode 142
downloading episode 143
downloading episode 144
downloading episode 145
downloading episode 146
downloading episode 147
downloading episode 148
downloading episode 149
downloading episode 150
downloading episode 151
downloading episode 152
downloading episode 153
downloading episode 154
downloading episode 155
downloading episode 156
downloading episode 157
downloading episode 158
downloading episode 159
downloading episode 160
downloading episode 161
downloading episode 162
downloading episode 163
downloading episode 164
downloading episode 165
downloading episode 166
downloading episode 167
downloading episode 168
downloading episode 169
downloading episode 170
downloading episode 171
downloading episode 172
downloading episode 173
downloading episode 174
downloading episode 175
downloading episode 176
downloading episode 177
downloading episode 178
downloading episode 179
downloading episode 180
downloading episode 181
downloading episode 182
downloading episode 183
downloading episode 184
downloading episode 185
downloading episode 186
downloading episode 187
downloading episode 188
downloading episode 189
downloading episode 190
downloading episode 191
downloading episode 192
downloading episode 193
downloading episode 194
downloading episode 195
downloading episode 196
downloading episode 197
downloading episode 198
downloading episode 199
downloading episode 200
downloading episode 201
downloading episode 202
downloading episode 203
downloading episode 204
downloading episode 205
downloading episode 206
downloading episode 207
downloading episode 208
downloading episode 209
downloading episode 210
downloading episode 211
downloading episode 212
downloading episode 213
downloading episode 214
downloading episode 215
downloading episode 216
downloading episode 217
downloading episode 218
downloading episode 219
downloading episode 220
downloading episode 221
downloading episode 222
downloading episode 223
downloading episode 224
downloading episode 225
downloading episode 226
downloading episode 227
downloading episode 228
downloading episode 229
downloading episode 230
downloading episode 231
downloading episode 232
downloading episode 233
downloading episode 234
downloading episode 235
downloading episode 236
downloading episode 237
downloading episode 238
downloading episode 239
downloading episode 240
downloading episode 241
downloading episode 242
downloading episode 243
downloading episode 244
downloading episode 245
downloading episode 246
downloading episode 247
downloading episode 248
downloading episode 249
downloading episode 250
downloading episode 251
downloading episode 252
downloading episode 253
downloading episode 254
downloading episode 255
downloading episode 256
downloading episode 257
downloading episode 258
downloading episode 259
downloading episode 260
downloading episode 261
downloading episode 262
downloading episode 263
downloading episode 264
downloading episode 265
downloading episode 266
downloading episode 267
downloading episode 268
downloading episode 269
downloading episode 270
downloading episode 271
downloading episode 272
downloading episode 273
downloading episode 274
downloading episode 275
downloading episode 276
downloading episode 277
downloading episode 278
downloading episode 279
downloading episode 280
downloading episode 281
downloading episode 282
downloading episode 283
downloading episode 284
downloading episode 285
downloading episode 286
downloading episode 287
downloading episode 288
downloading episode 289
downloading episode 290
downloading episode 291
downloading episode 292
downloading episode 293
downloading episode 294
downloading episode 295
downloading episode 296
downloading episode 297
downloading episode 298
downloading episode 299
downloading episode 300
downloading episode 301
downloading episode 302
downloading episode 303
downloading episode 304
downloading episode 305
downloading episode 306
downloading episode 307
downloading episode 308
downloading episode 309
downloading episode 310
downloading episode 311
downloading episode 312
downloading episode 313
downloading episode 314
downloading episode 315
downloading episode 316
downloading episode 317
downloading episode 318
downloading episode 319
downloading episode 320
downloading episode 321
downloading episode 322
downloading episode 323
downloading episode 324
downloading episode 325
downloading episode 326
downloading episode 327
downloading episode 328
downloading episode 329
downloading episode 330
downloading episode 331
downloading episode 332
downloading episode 333
downloading episode 334
downloading episode 335
downloading episode 336
downloading episode 337
downloading episode 338
downloading episode 339
downloading episode 340
downloading episode 341
downloading episode 342
downloading episode 343
downloading episode 344
downloading episode 345
downloading episode 346
downloading episode 347
downloading episode 348
downloading episode 349
downloading episode 350
downloading episode 351
downloading episode 352
downloading episode 353
downloading episode 354
downloading episode 355
downloading episode 356
downloading episode 357
downloading episode 358
downloading episode 359
downloading episode 360
downloading episode 361
downloading episode 362
downloading episode 363
downloading episode 364
downloading episode 365
downloading episode 366
downloading episode 367
downloading episode 368
downloading episode 369
downloading episode 370
downloading episode 371
downloading episode 372
downloading episode 373
downloading episode 374
downloading episode 375
downloading episode 376
downloading episode 377
downloading episode 378
downloading episode 379
downloading episode 380
downloading episode 381
downloading episode 382
downloading episode 383
downloading episode 384
downloading episode 385
downloading episode 386
downloading episode 387
downloading episode 388
downloading episode 389
downloading episode 390
downloading episode 391
downloading episode 392
downloading episode 393
downloading episode 394
downloading episode 395
downloading episode 396
downloading episode 397
downloading episode 398
downloading episode 399
downloading episode 400
downloading episode 401
downloading episode 402
downloading episode 403
downloading episode 404
downloading episode 405
downloading episode 406
downloading episode 407
downloading episode 408
downloading episode 409
downloading episode 410
downloading episode 411
downloading episode 412
downloading episode 413
downloading episode 414
downloading episode 415
downloading episode 416
downloading episode 417
downloading episode 418
downloading episode 419
downloading episode 420
downloading episode 421
downloading episode 422
downloading episode 423
downloading episode 424
downloading episode 425
downloading episode 426
downloading episode 427
downloading episode 428
downloading episode 429
downloading episode 430
downloading episode 431
downloading episode 432
downloading episode 433
downloading episode 434
downloading episode 435
downloading episode 436
downloading episode 437
downloading episode 438
downloading episode 439
downloading episode 440
downloading episode 441
downloading episode 442
downloading episode 443
downloading episode 444
downloading episode 445
downloading episode 446
downloading episode 447
downloading episode 448
downloading episode 449
downloading episode 450
downloading episode 451
downloading episode 452
downloading episode 453
downloading episode 454
downloading episode 455
downloading episode 456
downloading episode 457
downloading episode 458
downloading episode 459
downloading episode 460
downloading episode 461
downloading episode 462
downloading episode 463
downloading episode 464
downloading episode 465
downloading episode 466
downloading episode 467
downloading episode 468
downloading episode 469
downloading episode 470
downloading episode 471
downloading episode 472
downloading episode 473
downloading episode 474
downloading episode 475
downloading episode 476
downloading episode 477
downloading episode 478
downloading episode 479
downloading episode 480
downloading episode 481
downloading episode 482
downloading episode 483
downloading episode 484
downloading episode 485
downloading episode 486
downloading episode 487
downloading episode 488
downloading episode 489
downloading episode 490
downloading episode 491
downloading episode 492
retrieving comic 맘마미안
downloading episode 1
downloading episode 2
downloading episode 3
downloading episode 4
downloading episode 5
downloading episode 6
downloading episode 7
downloading episode 8
downloading episode 9
downloading episode 10
downloading episode 11
downloading episode 12
downloading episode 13
downloading episode 14
downloading episode 15
downloading episode 16
downloading episode 17
downloading episode 18
downloading episode 19
downloading episode 20
downloading episode 21
downloading episode 22
downloading episode 23
downloading episode 24
downloading episode 25
downloading episode 26
downloading episode 27
downloading episode 28
downloading episode 29
downloading episode 30
downloading episode 31
downloading episode 32
downloading episode 33
downloading episode 34
downloading episode 35
downloading episode 36
downloading episode 37
downloading episode 38
downloading episode 39
downloading episode 40
downloading episode 41
downloading episode 42
downloading episode 43
downloading episode 44
downloading episode 45
downloading episode 46
downloading episode 47
downloading episode 48
downloading episode 49
downloading episode 50
downloading episode 51
downloading episode 52
downloading episode 53
downloading episode 54
End of Script
